This file contains any messages produced by compilers while
running configure, to aid debugging if configure makes a mistake.

It was created by inoticoming configure 0.2.3, which was
generated by GNU Autoconf 2.68.  Invocation command line was

  $ ./configure --includedir=/usr/local/include --libdir=/usr/local/lib

## --------- ##
## Platform. ##
## --------- ##

hostname = Next
uname -m = x86_64
uname -r = 10.0-STABLE
uname -s = FreeBSD
uname -v = FreeBSD 10.0-STABLE #1 a03c4d3869334f3d51152ee2d90066a1912afa22(makepkg): Wed Jul  9 17:47:01 UTC 2014     root@Bahamut 

/usr/bin/uname -p = amd64
/bin/uname -X     = unknown

/bin/arch              = unknown
/usr/bin/arch -k       = unknown
/usr/convex/getsysinfo = unknown
/usr/bin/hostinfo      = unknown
/bin/machine           = unknown
/usr/bin/oslevel       = unknown
/bin/universe          = unknown

PATH: /usr/local/bin
PATH: /usr/bin
PATH: /bin
PATH: /usr/local/sbin
PATH: /usr/sbin
PATH: /sbin
PATH: /usr/bin/core_perl
PATH: /opt/bin
PATH: /usr/bin/core_perl


## ----------- ##
## Core tests. ##
## ----------- ##

configure:2172: checking for a BSD-compatible install
configure:2240: result: /usr/bin/install -c
configure:2251: checking whether build environment is sane
configure:2301: result: yes
configure:2442: checking for a thread-safe mkdir -p
configure:2481: result: ac/install-sh -c -d
configure:2494: checking for gawk
configure:2510: found /usr/bin/gawk
configure:2521: result: gawk
configure:2532: checking whether make sets $(MAKE)
configure:2554: result: yes
configure:2636: checking whether to enable maintainer-specific portions of Makefiles
configure:2645: result: no
configure:2670: checking for style of include used by make
configure:2698: result: GNU
configure:2769: checking for gcc
configure:2799: result: no
configure:2862: checking for cc
configure:2883: found /usr/bin/cc
configure:2906: result: cc
configure:3025: checking for C compiler version
configure:3034: cc --version >&5
FreeBSD clang version 3.4.1 (tags/RELEASE_34/dot1-final 208032) 20140512
Target: x86_64-unknown-freebsd10.0
Thread model: posix
configure:3045: $? = 0
configure:3034: cc -v >&5
FreeBSD clang version 3.4.1 (tags/RELEASE_34/dot1-final 208032) 20140512
Target: x86_64-unknown-freebsd10.0
Thread model: posix
Selected GCC installation: 
configure:3045: $? = 0
configure:3034: cc -V >&5
cc: error: argument to '-V' is missing (expected 1 value)
cc: error: no input files
configure:3045: $? = 1
configure:3034: cc -qversion >&5
cc: error: unknown argument: '-qversion'
cc: error: no input files
configure:3045: $? = 1
configure:3065: checking whether the C compiler works
configure:3087: cc    conftest.c  >&5
configure:3091: $? = 0
configure:3139: result: yes
configure:3142: checking for C compiler default output file name
configure:3144: result: a.out
configure:3150: checking for suffix of executables
configure:3157: cc -o conftest    conftest.c  >&5
configure:3161: $? = 0
configure:3183: result: 
configure:3205: checking whether we are cross compiling
configure:3213: cc -o conftest    conftest.c  >&5
configure:3217: $? = 0
configure:3224: ./conftest
configure:3228: $? = 0
configure:3243: result: no
configure:3248: checking for suffix of object files
configure:3270: cc -c   conftest.c >&5
configure:3274: $? = 0
configure:3295: result: o
configure:3299: checking whether we are using the GNU C compiler
configure:3318: cc -c   conftest.c >&5
configure:3318: $? = 0
configure:3327: result: yes
configure:3336: checking whether cc accepts -g
configure:3356: cc -c -g  conftest.c >&5
configure:3356: $? = 0
configure:3397: result: yes
configure:3414: checking for cc option to accept ISO C89
configure:3478: cc  -c -g -O2  conftest.c >&5
configure:3478: $? = 0
configure:3491: result: none needed
configure:3513: checking dependency style of cc
configure:3624: result: gcc3
configure:3645: checking how to run the C preprocessor
configure:3676: cc -E  conftest.c
configure:3676: $? = 0
configure:3690: cc -E  conftest.c
conftest.c:11:10: fatal error: 'ac_nonexistent.h' file not found
#include <ac_nonexistent.h>
         ^
1 error generated.
configure:3690: $? = 1
configure: failed program was:
| /* confdefs.h */
| #define PACKAGE_NAME "inoticoming"
| #define PACKAGE_TARNAME "inoticoming"
| #define PACKAGE_VERSION "0.2.3"
| #define PACKAGE_STRING "inoticoming 0.2.3"
| #define PACKAGE_BUGREPORT "brlink@debian.org"
| #define PACKAGE_URL ""
| #define PACKAGE "inoticoming"
| #define VERSION "0.2.3"
| /* end confdefs.h.  */
| #include <ac_nonexistent.h>
configure:3715: result: cc -E
configure:3735: cc -E  conftest.c
configure:3735: $? = 0
configure:3749: cc -E  conftest.c
conftest.c:11:10: fatal error: 'ac_nonexistent.h' file not found
#include <ac_nonexistent.h>
         ^
1 error generated.
configure:3749: $? = 1
configure: failed program was:
| /* confdefs.h */
| #define PACKAGE_NAME "inoticoming"
| #define PACKAGE_TARNAME "inoticoming"
| #define PACKAGE_VERSION "0.2.3"
| #define PACKAGE_STRING "inoticoming 0.2.3"
| #define PACKAGE_BUGREPORT "brlink@debian.org"
| #define PACKAGE_URL ""
| #define PACKAGE "inoticoming"
| #define VERSION "0.2.3"
| /* end confdefs.h.  */
| #include <ac_nonexistent.h>
configure:3778: checking for grep that handles long lines and -e
configure:3836: result: /usr/bin/grep
configure:3841: checking for egrep
configure:3903: result: /usr/bin/grep -E
configure:3908: checking for ANSI C header files
configure:3928: cc -c -g -O2  conftest.c >&5
configure:3928: $? = 0
configure:4001: cc -o conftest -g -O2   conftest.c  >&5
configure:4001: $? = 0
configure:4001: ./conftest
configure:4001: $? = 0
configure:4012: result: yes
configure:4025: checking for sys/types.h
configure:4025: cc -c -g -O2  conftest.c >&5
configure:4025: $? = 0
configure:4025: result: yes
configure:4025: checking for sys/stat.h
configure:4025: cc -c -g -O2  conftest.c >&5
configure:4025: $? = 0
configure:4025: result: yes
configure:4025: checking for stdlib.h
configure:4025: cc -c -g -O2  conftest.c >&5
configure:4025: $? = 0
configure:4025: result: yes
configure:4025: checking for string.h
configure:4025: cc -c -g -O2  conftest.c >&5
configure:4025: $? = 0
configure:4025: result: yes
configure:4025: checking for memory.h
configure:4025: cc -c -g -O2  conftest.c >&5
configure:4025: $? = 0
configure:4025: result: yes
configure:4025: checking for strings.h
configure:4025: cc -c -g -O2  conftest.c >&5
configure:4025: $? = 0
configure:4025: result: yes
configure:4025: checking for inttypes.h
configure:4025: cc -c -g -O2  conftest.c >&5
configure:4025: $? = 0
configure:4025: result: yes
configure:4025: checking for stdint.h
configure:4025: cc -c -g -O2  conftest.c >&5
configure:4025: $? = 0
configure:4025: result: yes
configure:4025: checking for unistd.h
configure:4025: cc -c -g -O2  conftest.c >&5
configure:4025: $? = 0
configure:4025: result: yes
configure:4038: checking minix/config.h usability
configure:4038: cc -c -g -O2  conftest.c >&5
conftest.c:54:10: fatal error: 'minix/config.h' file not found
#include <minix/config.h>
         ^
1 error generated.
configure:4038: $? = 1
configure: failed program was:
| /* confdefs.h */
| #define PACKAGE_NAME "inoticoming"
| #define PACKAGE_TARNAME "inoticoming"
| #define PACKAGE_VERSION "0.2.3"
| #define PACKAGE_STRING "inoticoming 0.2.3"
| #define PACKAGE_BUGREPORT "brlink@debian.org"
| #define PACKAGE_URL ""
| #define PACKAGE "inoticoming"
| #define VERSION "0.2.3"
| #define STDC_HEADERS 1
| #define HAVE_SYS_TYPES_H 1
| #define HAVE_SYS_STAT_H 1
| #define HAVE_STDLIB_H 1
| #define HAVE_STRING_H 1
| #define HAVE_MEMORY_H 1
| #define HAVE_STRINGS_H 1
| #define HAVE_INTTYPES_H 1
| #define HAVE_STDINT_H 1
| #define HAVE_UNISTD_H 1
| /* end confdefs.h.  */
| #include <stdio.h>
| #ifdef HAVE_SYS_TYPES_H
| # include <sys/types.h>
| #endif
| #ifdef HAVE_SYS_STAT_H
| # include <sys/stat.h>
| #endif
| #ifdef STDC_HEADERS
| # include <stdlib.h>
| # include <stddef.h>
| #else
| # ifdef HAVE_STDLIB_H
| #  include <stdlib.h>
| # endif
| #endif
| #ifdef HAVE_STRING_H
| # if !defined STDC_HEADERS && defined HAVE_MEMORY_H
| #  include <memory.h>
| # endif
| # include <string.h>
| #endif
| #ifdef HAVE_STRINGS_H
| # include <strings.h>
| #endif
| #ifdef HAVE_INTTYPES_H
| # include <inttypes.h>
| #endif
| #ifdef HAVE_STDINT_H
| # include <stdint.h>
| #endif
| #ifdef HAVE_UNISTD_H
| # include <unistd.h>
| #endif
| #include <minix/config.h>
configure:4038: result: no
configure:4038: checking minix/config.h presence
configure:4038: cc -E  conftest.c
conftest.c:21:10: fatal error: 'minix/config.h' file not found
#include <minix/config.h>
         ^
1 error generated.
configure:4038: $? = 1
configure: failed program was:
| /* confdefs.h */
| #define PACKAGE_NAME "inoticoming"
| #define PACKAGE_TARNAME "inoticoming"
| #define PACKAGE_VERSION "0.2.3"
| #define PACKAGE_STRING "inoticoming 0.2.3"
| #define PACKAGE_BUGREPORT "brlink@debian.org"
| #define PACKAGE_URL ""
| #define PACKAGE "inoticoming"
| #define VERSION "0.2.3"
| #define STDC_HEADERS 1
| #define HAVE_SYS_TYPES_H 1
| #define HAVE_SYS_STAT_H 1
| #define HAVE_STDLIB_H 1
| #define HAVE_STRING_H 1
| #define HAVE_MEMORY_H 1
| #define HAVE_STRINGS_H 1
| #define HAVE_INTTYPES_H 1
| #define HAVE_STDINT_H 1
| #define HAVE_UNISTD_H 1
| /* end confdefs.h.  */
| #include <minix/config.h>
configure:4038: result: no
configure:4038: checking for minix/config.h
configure:4038: result: no
configure:4059: checking whether it is safe to define __EXTENSIONS__
configure:4077: cc -c -g -O2  conftest.c >&5
configure:4077: $? = 0
configure:4084: result: yes
configure:4404: checking for C compiler version
configure:4413: cc --version >&5
FreeBSD clang version 3.4.1 (tags/RELEASE_34/dot1-final 208032) 20140512
Target: x86_64-unknown-freebsd10.0
Thread model: posix
configure:4424: $? = 0
configure:4413: cc -v >&5
FreeBSD clang version 3.4.1 (tags/RELEASE_34/dot1-final 208032) 20140512
Target: x86_64-unknown-freebsd10.0
Thread model: posix
Selected GCC installation: 
configure:4424: $? = 0
configure:4413: cc -V >&5
cc: error: argument to '-V' is missing (expected 1 value)
cc: error: no input files
configure:4424: $? = 1
configure:4413: cc -qversion >&5
cc: error: unknown argument: '-qversion'
cc: error: no input files
configure:4424: $? = 1
configure:4428: checking whether we are using the GNU C compiler
configure:4456: result: yes
configure:4465: checking whether cc accepts -g
configure:4526: result: yes
configure:4543: checking for cc option to accept ISO C89
configure:4620: result: none needed
configure:4642: checking dependency style of cc
configure:4753: result: gcc3
configure:4776: checking for special C compiler options needed for large files
configure:4821: result: no
configure:4827: checking for _FILE_OFFSET_BITS value needed for large files
configure:4852: cc -c -g -O2  conftest.c >&5
configure:4852: $? = 0
configure:4884: result: no
configure:4970: checking for closefrom
configure:4970: cc -o conftest -g -O2   conftest.c  >&5
configure:4970: $? = 0
configure:4970: result: yes
configure:5149: creating ./config.status

## ---------------------- ##
## Running config.status. ##
## ---------------------- ##

This file was extended by inoticoming config.status 0.2.3, which was
generated by GNU Autoconf 2.68.  Invocation command line was

  CONFIG_FILES    = 
  CONFIG_HEADERS  = 
  CONFIG_LINKS    = 
  CONFIG_COMMANDS = 
  $ ./config.status 

on Next

config.status:869: creating Makefile
config.status:869: creating config.h
config.status:1050: config.h is unchanged
config.status:1098: executing depfiles commands

## ---------------- ##
## Cache variables. ##
## ---------------- ##

ac_cv_c_compiler_gnu=yes
ac_cv_env_CC_set=''
ac_cv_env_CC_value=''
ac_cv_env_CFLAGS_set=''
ac_cv_env_CFLAGS_value=''
ac_cv_env_CPPFLAGS_set=''
ac_cv_env_CPPFLAGS_value=''
ac_cv_env_CPP_set=''
ac_cv_env_CPP_value=''
ac_cv_env_LDFLAGS_set=''
ac_cv_env_LDFLAGS_value=''
ac_cv_env_LIBS_set=''
ac_cv_env_LIBS_value=''
ac_cv_env_build_alias_set=''
ac_cv_env_build_alias_value=''
ac_cv_env_host_alias_set=''
ac_cv_env_host_alias_value=''
ac_cv_env_target_alias_set=''
ac_cv_env_target_alias_value=''
ac_cv_func_closefrom=yes
ac_cv_header_inttypes_h=yes
ac_cv_header_memory_h=yes
ac_cv_header_minix_config_h=no
ac_cv_header_stdc=yes
ac_cv_header_stdint_h=yes
ac_cv_header_stdlib_h=yes
ac_cv_header_string_h=yes
ac_cv_header_strings_h=yes
ac_cv_header_sys_stat_h=yes
ac_cv_header_sys_types_h=yes
ac_cv_header_unistd_h=yes
ac_cv_objext=o
ac_cv_path_EGREP='/usr/bin/grep -E'
ac_cv_path_GREP=/usr/bin/grep
ac_cv_path_install='/usr/bin/install -c'
ac_cv_prog_AWK=gawk
ac_cv_prog_CC=cc
ac_cv_prog_CPP='cc -E'
ac_cv_prog_cc_c89=''
ac_cv_prog_cc_g=yes
ac_cv_prog_make_make_set=yes
ac_cv_safe_to_define___extensions__=yes
ac_cv_sys_file_offset_bits=no
ac_cv_sys_largefile_CC=no
am_cv_CC_dependencies_compiler_type=gcc3

## ----------------- ##
## Output variables. ##
## ----------------- ##

ACLOCAL='${SHELL} /home/cneira/Next/inoticoming-0.2.3/ac/missing --run aclocal-1.11'
AMDEPBACKSLASH='\'
AMDEP_FALSE='#'
AMDEP_TRUE=''
AMTAR='$${TAR-tar}'
AUTOCONF='${SHELL} /home/cneira/Next/inoticoming-0.2.3/ac/missing --run autoconf'
AUTOHEADER='${SHELL} /home/cneira/Next/inoticoming-0.2.3/ac/missing --run autoheader'
AUTOMAKE='${SHELL} /home/cneira/Next/inoticoming-0.2.3/ac/missing --run automake-1.11'
AWK='gawk'
CC='cc'
CCDEPMODE='depmode=gcc3'
CFLAGS='-g -O2'
CPP='cc -E'
CPPFLAGS=''
CYGPATH_W='echo'
DEFS='-DHAVE_CONFIG_H'
DEPDIR='.deps'
ECHO_C=''
ECHO_N='-n'
ECHO_T=''
EGREP='/usr/bin/grep -E'
EXEEXT=''
GREP='/usr/bin/grep'
INSTALL_DATA='${INSTALL} -m 644'
INSTALL_PROGRAM='${INSTALL}'
INSTALL_SCRIPT='${INSTALL}'
INSTALL_STRIP_PROGRAM='$(install_sh) -c -s'
LDFLAGS=''
LIBOBJS=''
LIBS=''
LTLIBOBJS=''
MAINT='#'
MAINTAINER_MODE_FALSE=''
MAINTAINER_MODE_TRUE='#'
MAKEINFO='${SHELL} /home/cneira/Next/inoticoming-0.2.3/ac/missing --run makeinfo'
MKDIR_P='ac/install-sh -c -d'
OBJEXT='o'
PACKAGE='inoticoming'
PACKAGE_BUGREPORT='brlink@debian.org'
PACKAGE_NAME='inoticoming'
PACKAGE_STRING='inoticoming 0.2.3'
PACKAGE_TARNAME='inoticoming'
PACKAGE_URL=''
PACKAGE_VERSION='0.2.3'
PATH_SEPARATOR=':'
SET_MAKE=''
SHELL='/bin/sh'
STRIP=''
VERSION='0.2.3'
ac_ct_CC=''
am__EXEEXT_FALSE=''
am__EXEEXT_TRUE='#'
am__fastdepCC_FALSE='#'
am__fastdepCC_TRUE=''
am__include='include'
am__isrc=''
am__leading_dot='.'
am__nodep='_no'
am__quote=''
am__tar='$${TAR-tar} chof - "$$tardir"'
am__untar='$${TAR-tar} xf -'
bindir='${exec_prefix}/bin'
build_alias=''
datadir='${datarootdir}'
datarootdir='${prefix}/share'
docdir='${datarootdir}/doc/${PACKAGE_TARNAME}'
dvidir='${docdir}'
exec_prefix='${prefix}'
host_alias=''
htmldir='${docdir}'
includedir='/usr/local/include'
infodir='${datarootdir}/info'
install_sh='${SHELL} /home/cneira/Next/inoticoming-0.2.3/ac/install-sh'
libdir='/usr/local/lib'
libexecdir='${exec_prefix}/libexec'
localedir='${datarootdir}/locale'
localstatedir='${prefix}/var'
mandir='${datarootdir}/man'
mkdir_p='$(top_builddir)/ac/install-sh -c -d'
oldincludedir='/usr/include'
pdfdir='${docdir}'
prefix='/usr/local'
program_transform_name='s,x,x,'
psdir='${docdir}'
sbindir='${exec_prefix}/sbin'
sharedstatedir='${prefix}/com'
sysconfdir='${prefix}/etc'
target_alias=''

## ----------- ##
## confdefs.h. ##
## ----------- ##

/* confdefs.h */
#define PACKAGE_NAME "inoticoming"
#define PACKAGE_TARNAME "inoticoming"
#define PACKAGE_VERSION "0.2.3"
#define PACKAGE_STRING "inoticoming 0.2.3"
#define PACKAGE_BUGREPORT "brlink@debian.org"
#define PACKAGE_URL ""
#define PACKAGE "inoticoming"
#define VERSION "0.2.3"
#define STDC_HEADERS 1
#define HAVE_SYS_TYPES_H 1
#define HAVE_SYS_STAT_H 1
#define HAVE_STDLIB_H 1
#define HAVE_STRING_H 1
#define HAVE_MEMORY_H 1
#define HAVE_STRINGS_H 1
#define HAVE_INTTYPES_H 1
#define HAVE_STDINT_H 1
#define HAVE_UNISTD_H 1
#define __EXTENSIONS__ 1
#define _ALL_SOURCE 1
#define _GNU_SOURCE 1
#define _POSIX_PTHREAD_SEMANTICS 1
#define _TANDEM_SOURCE 1
#define HAVE_CLOSEFROM 1

configure: exit 0
